[+] Containers:
 |- [+] Container: /Game/FirstPerson/Maps/FirstPersonMap
 |   |- [+] ActorDescs:
 |   |   |- Guid:014139064B272AE31FF877B819CB5734 BaseClass: NativeClass:/Script/Engine.StaticMeshActor Name:StaticMeshActor_8 Label:SM_ChamferCube3 SpatiallyLoaded:1 Bounds:IsValid=true, Min=(X=257.548 Y=2127.548 Z=0.063), Max=(X=462.452 Y=2332.452 Z=150.063) RuntimeGrid:None EditorOnly:0 RuntimeOnly:0 HLODRelevant:0 FolderPath:SimulatedCubes FolderGuid:9AEEADCB4DC6C647D6E7C0B4EDA1744F
 |   |   |- Guid:09422EB3452BA0569491908DC369F8B4 BaseClass:/Game/Weapons/BP_WeaponBase.BP_WeaponBase_C NativeClass:/Script/Engine.Actor Name:BP_WeaponBase_C_UAID_00D861BC58C1997B01_2055380997 Label:BP_WeaponBase4 SpatiallyLoaded:1 Bounds:IsValid=true, Min=(X=1591.687 Y=46.362 Z=63.935), Max=(X=1711.687 Y=166.362 Z=183.935) RuntimeGrid:None EditorOnly:0 RuntimeOnly:0 HLODRelevant:0
 |   |   |- Guid:09EB01FE4C96A434E7561793BD6770E5 BaseClass: NativeClass:/Script/Engine.StaticMeshActor Name:StaticMeshActor_22 Label:SM_QuarterCylinder5 SpatiallyLoaded:1 Bounds:IsValid=true, Min=(X=600.000 Y=2800.000 Z=0.000), Max=(X=700.000 Y=2900.000 Z=200.000) RuntimeGrid:None EditorOnly:0 RuntimeOnly:0 HLODRelevant:1 FolderPath:Block03 FolderGuid:0C5AB36945998C19C9EA9283402A8E02
 |   |   |- Guid:0B0C0BA84D9C653015BD4EB3B217F9D6 BaseClass: NativeClass:/Script/Engine.StaticMeshActor Name:StaticMeshActor_18 Label:SM_QuarterCylinder2 SpatiallyLoaded:1 Bounds:IsValid=true, Min=(X=1200.000 Y=1600.000 Z=0.000), Max=(X=1300.000 Y=1700.000 Z=200.000) RuntimeGrid:None EditorOnly:0 RuntimeOnly:0 HLODRelevant:1 FolderPath:Block04 FolderGuid:D00C3F324D055BED943FA6B0235C7FA2
 |   |   |- Guid:0EDB289B45CB7E0977A6DBA74201EE76 BaseClass: NativeClass:/Script/Engine.StaticMeshActor Name:StaticMeshActor_10 Label:SM_Cube6 SpatiallyLoaded:1 Bounds:IsValid=true, Min=(X=2900.000 Y=100.000 Z=0.000), Max=(X=3000.000 Y=3400.000 Z=400.000) RuntimeGrid:None EditorOnly:0 RuntimeOnly:0 HLODRelevant:1 FolderPath:Playground FolderGuid:6C02BB504B69D1F3D7A624B130C18E5B
 |   |   |- Guid:0FC705A84CA2DC3FEC7FBEB764BCD2C4 BaseClass:/Game/Weapons/BP_WeaponBase.BP_WeaponBase_C NativeClass:/Script/Engine.Actor Name:BP_WeaponBase_C_UAID_00D861BC58C1947B01_1519209098 Label:BP_WeaponBase SpatiallyLoaded:1 Bounds:IsValid=true, Min=(X=1892.653 Y=46.362 Z=69.761), Max=(X=2012.653 Y=166.362 Z=189.761) RuntimeGrid:None EditorOnly:0 RuntimeOnly:0 HLODRelevant:0
 |   |   |- Guid:1E04CC294E8D6348E47366B5ADA71EE9 BaseClass: NativeClass:/Script/Engine.StaticMeshActor Name:StaticMeshActor_23 Label:SM_Cube13 SpatiallyLoaded:1 Bounds:IsValid=true, Min=(X=600.000 Y=2700.000 Z=0.000), Max=(X=700.000 Y=2800.000 Z=200.000) RuntimeGrid:None EditorOnly:0 RuntimeOnly:0 HLODRelevant:1 FolderPath:Block03 FolderGuid:0C5AB36945998C19C9EA9283402A8E02
 |   |   |- Guid:21262252453B37957EF29F82ABA2413B BaseClass: NativeClass:/Script/Engine.TextRenderActor Name:TextRenderActor_1 Label:TextRenderActor SpatiallyLoaded:1 Bounds:IsValid=true, Min=(X=-0.100 Y=1100.000 Z=65.013), Max=(X=-0.100 Y=2363.461 Z=215.013) RuntimeGrid:None EditorOnly:0 RuntimeOnly:0 HLODRelevant:0
 |   |   |- Guid:22DA4C224D63C48ED7D534BCDBD93666 BaseClass:/Game/FirstPerson/Blueprints/BP_FirstPersonCharacter.BP_FirstPersonCharacter_C NativeClass:/Script/Engine.Character Name:BP_FirstPersonCharacter_C_UAID_00D861BC58C1C37801_1320276217 Label:BP_FirstPersonCharacter SpatiallyLoaded:1 Bounds:IsValid=true, Min=(X=495.000 Y=855.000 Z=0.000), Max=(X=950.000 Y=1015.000 Z=246.000) RuntimeGrid:None EditorOnly:0 RuntimeOnly:0 HLODRelevant:0
 |   |   |- Guid:2534B0D94D612EA44C8C3682F76E3A56 BaseClass:/Game/Pickables/Ammo/SmallAmmoBox/Ammo_Small.Ammo_Small_C NativeClass:/Script/Engine.Actor Name:Ammo_Small_C_UAID_00D861BC58C1507A01_2142824072 Label:Ammo_Small SpatiallyLoaded:1 Bounds:IsValid=true, Min=(X=2704.000 Y=1403.639 Z=-97.400), Max=(X=2896.000 Y=1595.639 Z=94.600) RuntimeGrid:None EditorOnly:0 RuntimeOnly:0 HLODRelevant:0
 |   |   |- Guid:254D27654506DA912CEE11965181CEF2 BaseClass: NativeClass:/Script/Engine.StaticMeshActor Name:StaticMeshActor_27 Label:SM_QuarterCylinder13 SpatiallyLoaded:1 Bounds:IsValid=true, Min=(X=2100.000 Y=2550.000 Z=0.000), Max=(X=2300.000 Y=2750.000 Z=200.000) RuntimeGrid:None EditorOnly:0 RuntimeOnly:0 HLODRelevant:1 FolderPath:Cylinder FolderGuid:98EA6984416B46BD4E6349A7D9A13307
 |   |   |- Guid:2A78EF094E089635A07B30AB9A046A81 BaseClass: NativeClass:/Script/Engine.StaticMeshActor Name:StaticMeshActor_47 Label:SM_ChamferCube13 SpatiallyLoaded:1 Bounds:IsValid=true, Min=(X=250.297 Y=3094.568 Z=100.013), Max=(X=391.180 Y=3235.451 Z=200.013) RuntimeGrid:None EditorOnly:0 RuntimeOnly:0 HLODRelevant:0 FolderPath:SimulatedCubes FolderGuid:9AEEADCB4DC6C647D6E7C0B4EDA1744F
 |   |   |- Guid:35A0C3344CDA5AA8A0AD41853299D3EE BaseClass: NativeClass:/Script/Engine.StaticMeshActor Name:StaticMeshActor_32 Label:SM_QuarterCylinder8 SpatiallyLoaded:1 Bounds:IsValid=true, Min=(X=1300.000 Y=2600.000 Z=0.000), Max=(X=1400.000 Y=2700.000 Z=200.000) RuntimeGrid:None EditorOnly:0 RuntimeOnly:0 HLODRelevant:1 FolderPath:Block03 FolderGuid:0C5AB36945998C19C9EA9283402A8E02
 |   |   |- Guid:48A9C7094CF7D8B729AC22B7B81DEE05 BaseClass: NativeClass:/Script/Engine.StaticMeshActor Name:StaticMeshActor_28 Label:SM_QuarterCylinder14 SpatiallyLoaded:1 Bounds:IsValid=true, Min=(X=2300.000 Y=2550.000 Z=0.000), Max=(X=2500.000 Y=2750.000 Z=200.000) RuntimeGrid:None EditorOnly:0 RuntimeOnly:0 HLODRelevant:1 FolderPath:Cylinder FolderGuid:98EA6984416B46BD4E6349A7D9A13307
 |   |   |- Guid:490C769B46A912B5FD5CEDBD8694429D BaseClass: NativeClass:/Script/Engine.TextRenderActor Name:TextRenderActor_UAID_00D861BC58C1FA7901_1219350949 Label:TextRenderActor16 SpatiallyLoaded:1 Bounds:IsValid=true, Min=(X=1631.424 Y=103.495 Z=174.264), Max=(X=1677.577 Y=103.495 Z=199.264) RuntimeGrid:None EditorOnly:0 RuntimeOnly:0 HLODRelevant:0
 |   |   |- Guid:4D10125A4B784B4E5B220C8814EA401E BaseClass:/Game/Weapons/BP_WeaponBase.BP_WeaponBase_C NativeClass:/Script/Engine.Actor Name:BP_WeaponBase_C_UAID_00D861BC58C1997B01_1106679989 Label:BP_WeaponBase2 SpatiallyLoaded:1 Bounds:IsValid=true, Min=(X=1289.983 Y=46.362 Z=69.761), Max=(X=1409.983 Y=166.362 Z=189.761) RuntimeGrid:None EditorOnly:0 RuntimeOnly:0 HLODRelevant:0
 |   |   |- Guid:573177074D0ADB4DA9A357AE2A5CADA8 BaseClass: NativeClass:/Script/Engine.StaticMeshActor Name:StaticMeshActor_49 Label:SM_ChamferCube14 SpatiallyLoaded:1 Bounds:IsValid=true, Min=(X=2480.411 Y=2302.371 Z=0.013), Max=(X=2580.411 Y=2402.371 Z=100.013) RuntimeGrid:None EditorOnly:0 RuntimeOnly:0 HLODRelevant:0 FolderPath:SimulatedCubes FolderGuid:9AEEADCB4DC6C647D6E7C0B4EDA1744F
 |   |   |- Guid:5824301743DBB35DBD509B80C2AB874B BaseClass: NativeClass:/Script/Engine.TextRenderActor Name:TextRenderActor_UAID_00D861BC58C1FA7901_1111468945 Label:TextRenderActor12 SpatiallyLoaded:1 Bounds:IsValid=true, Min=(X=1088.615 Y=103.495 Z=223.391), Max=(X=1313.615 Y=103.495 Z=298.391) RuntimeGrid:None EditorOnly:0 RuntimeOnly:0 HLODRelevant:0
 |   |   |- Guid:5BDD8F884011AE3799B6F286D5D0CB25 BaseClass: NativeClass:/Script/Engine.StaticMeshActor Name:StaticMeshActor_34 Label:SM_Cube15 SpatiallyLoaded:1 Bounds:IsValid=true, Min=(X=1800.000 Y=1600.000 Z=0.000), Max=(X=2900.000 Y=1900.000 Z=200.000) RuntimeGrid:None EditorOnly:0 RuntimeOnly:0 HLODRelevant:1 FolderPath:Block02 FolderGuid:275232DB4A90E8B2799B29BD69C59B9E
 |   |   |- Guid:5FE7584649BB6F09265329A6C57CFD0D BaseClass: NativeClass:/Script/Engine.VolumetricCloud Name:VolumetricCloud_0 Label:VolumetricCloud SpatiallyLoaded:0 Bounds:IsValid=true, Min=(X=0.000 Y=0.000 Z=820.000), Max=(X=0.000 Y=0.000 Z=820.000) RuntimeGrid:None EditorOnly:0 RuntimeOnly:0 HLODRelevant:0 FolderPath:Lighting FolderGuid:0BA5F0A04EADB18E70D5B180D08FA34B
 |   |   |- Guid:61391D344900612A77DFC3BA3E354907 BaseClass: NativeClass:/Script/Engine.ExponentialHeightFog Name:ExponentialHeightFog_0 Label:ExponentialHeightFog SpatiallyLoaded:0 Bounds:IsValid=true, Min=(X=-5600.000 Y=-50.000 Z=-6850.000), Max=(X=-5600.000 Y=-50.000 Z=-6850.000) RuntimeGrid:None EditorOnly:0 RuntimeOnly:0 HLODRelevant:0 FolderPath:Lighting FolderGuid:0BA5F0A04EADB18E70D5B180D08FA34B
 |   |   |- Guid:6198DFE04D11BDEAC638CA8D1AA15F56 BaseClass: NativeClass:/Script/Engine.StaticMeshActor Name:StaticMeshActor_21 Label:SM_QuarterCylinder4 SpatiallyLoaded:1 Bounds:IsValid=true, Min=(X=600.000 Y=2600.000 Z=0.000), Max=(X=700.000 Y=2700.000 Z=200.000) RuntimeGrid:None EditorOnly:0 RuntimeOnly:0 HLODRelevant:1 FolderPath:Block03 FolderGuid:0C5AB36945998C19C9EA9283402A8E02
 |   |   |- Guid:6AA1B3CB4A13CBC6D5358989E2427278 BaseClass: NativeClass:/Script/Engine.TextRenderActor Name:TextRenderActor_UAID_00D861BC58C1FA7901_1184026947 Label:TextRenderActor14 SpatiallyLoaded:1 Bounds:IsValid=true, Min=(X=1296.807 Y=103.495 Z=174.264), Max=(X=1412.192 Y=103.495 Z=199.264) RuntimeGrid:None EditorOnly:0 RuntimeOnly:0 HLODRelevant:0
 |   |   |- Guid:6B9F7C52434CCF99C7551893412C2C21 BaseClass: NativeClass:/Script/Engine.StaticMeshActor Name:StaticMeshActor_51 Label:SM_ChamferCube16 SpatiallyLoaded:1 Bounds:IsValid=true, Min=(X=2480.411 Y=2247.371 Z=100.013), Max=(X=2580.411 Y=2347.371 Z=200.013) RuntimeGrid:None EditorOnly:0 RuntimeOnly:0 HLODRelevant:0 FolderPath:SimulatedCubes FolderGuid:9AEEADCB4DC6C647D6E7C0B4EDA1744F
 |   |   |- Guid:6C80B7B24CB3ADE208BCA3A7E3015D40 BaseClass: NativeClass:/Script/Engine.StaticMeshActor Name:StaticMeshActor_UAID_00D861BC58C1FA7901_1260326951 Label:Box2 SpatiallyLoaded:1 Bounds:IsValid=true, Min=(X=1600.000 Y=100.000 Z=0.000), Max=(X=1700.000 Y=130.000 Z=100.000) RuntimeGrid:None EditorOnly:0 RuntimeOnly:0 HLODRelevant:0
 |   |   |- Guid:6FEFB3BD4EB37B849EF0D4AC80F83855 BaseClass: NativeClass:/Script/Engine.WorldDataLayers Name:WorldDataLayers Label:WorldDataLayers SpatiallyLoaded:0 Bounds:IsValid=true, Min=(X=0.000 Y=0.000 Z=0.000), Max=(X=0.000 Y=0.000 Z=0.000) RuntimeGrid:None EditorOnly:0 RuntimeOnly:0 HLODRelevant:0
 |   |   |- Guid:764666EF4316C7851F06859A678454F2 BaseClass: NativeClass:/Script/Engine.StaticMeshActor Name:StaticMeshActor_46 Label:SM_ChamferCube12 SpatiallyLoaded:1 Bounds:IsValid=true, Min=(X=204.335 Y=3056.000 Z=0.013), Max=(X=345.218 Y=3196.884 Z=100.013) RuntimeGrid:None EditorOnly:0 RuntimeOnly:0 HLODRelevant:0 FolderPath:SimulatedCubes FolderGuid:9AEEADCB4DC6C647D6E7C0B4EDA1744F
 |   |   |- Guid:78CAF7514C7533F30BD2F19A017AAB65 BaseClass: NativeClass:/Script/Engine.StaticMeshActor Name:StaticMeshActor_0 Label:SM_Cube SpatiallyLoaded:1 Bounds:IsValid=true, Min=(X=0.000 Y=0.000 Z=-50.000), Max=(X=3000.000 Y=3500.000 Z=0.000) RuntimeGrid:None EditorOnly:0 RuntimeOnly:0 HLODRelevant:1 FolderPath:Playground FolderGuid:6C02BB504B69D1F3D7A624B130C18E5B
 |   |   |- Guid:7D62CD3D479BFB8CD19B998D77A9BF5D BaseClass: NativeClass:/Script/Engine.StaticMeshActor Name:StaticMeshActor_33 Label:SM_Cube14 SpatiallyLoaded:1 Bounds:IsValid=true, Min=(X=1300.000 Y=2700.000 Z=0.000), Max=(X=1400.000 Y=2800.000 Z=200.000) RuntimeGrid:None EditorOnly:0 RuntimeOnly:0 HLODRelevant:1 FolderPath:Block03 FolderGuid:0C5AB36945998C19C9EA9283402A8E02
 |   |   |- Guid:7DCFF2144714F0843D87428AC48CE4F4 BaseClass: NativeClass:/Script/Engine.StaticMeshActor Name:StaticMeshActor_24 Label:SM_ChamferCube17 SpatiallyLoaded:1 Bounds:IsValid=true, Min=(X=364.319 Y=1244.901 Z=0.013), Max=(X=492.491 Y=1373.073 Z=100.013) RuntimeGrid:None EditorOnly:0 RuntimeOnly:0 HLODRelevant:0 FolderPath:SimulatedCubes FolderGuid:9AEEADCB4DC6C647D6E7C0B4EDA1744F
 |   |   |- Guid:7EB1FE844A45522AD220048457B5924C BaseClass: NativeClass:/Script/Engine.StaticMeshActor Name:StaticMeshActor_UAID_00D861BC58C1FA7901_1272128952 Label:Box3 SpatiallyLoaded:1 Bounds:IsValid=true, Min=(X=1300.000 Y=100.000 Z=0.000), Max=(X=1400.000 Y=130.000 Z=100.000) RuntimeGrid:None EditorOnly:0 RuntimeOnly:0 HLODRelevant:0
 |   |   |- Guid:819D89374F5F011641B802B797C6545A BaseClass: NativeClass:/Script/Engine.StaticMeshActor Name:StaticMeshActor_25 Label:SM_QuarterCylinder11 SpatiallyLoaded:1 Bounds:IsValid=true, Min=(X=2300.000 Y=2750.000 Z=0.000), Max=(X=2500.000 Y=2950.000 Z=200.000) RuntimeGrid:None EditorOnly:0 RuntimeOnly:0 HLODRelevant:1 FolderPath:Cylinder FolderGuid:98EA6984416B46BD4E6349A7D9A13307
 |   |   |- Guid:82636DFB499224D215E466A53C353A57 BaseClass: NativeClass:/Script/Engine.StaticMeshActor Name:StaticMeshActor_12 Label:SM_Cube8 SpatiallyLoaded:1 Bounds:IsValid=true, Min=(X=100.000 Y=1600.000 Z=0.000), Max=(X=1200.000 Y=1900.000 Z=200.000) RuntimeGrid:None EditorOnly:0 RuntimeOnly:0 HLODRelevant:1 FolderPath:Block04 FolderGuid:D00C3F324D055BED943FA6B0235C7FA2
 |   |   |- Guid:854D8A384F4FB83D131194B1EEA9BABF BaseClass:/Game/Pickables/Ammo/MediumAmmoBox/Ammo_Medium.Ammo_Medium_C NativeClass:/Script/Engine.Actor Name:Ammo_Medium_C_UAID_00D861BC58C1567A01_1389620133 Label:Ammo_Medium SpatiallyLoaded:1 Bounds:IsValid=true, Min=(X=2701.881 Y=1147.402 Z=-87.397), Max=(X=2893.881 Y=1339.402 Z=104.603) RuntimeGrid:None EditorOnly:0 RuntimeOnly:0 HLODRelevant:0
 |   |   |- Guid:8559D1384B14F466E8927697A36C1D78 BaseClass: NativeClass:/Script/Engine.StaticMeshActor Name:StaticMeshActor_9 Label:SM_Cube5 SpatiallyLoaded:1 Bounds:IsValid=true, Min=(X=-0.000 Y=100.000 Z=0.000), Max=(X=100.000 Y=3400.000 Z=400.000) RuntimeGrid:None EditorOnly:0 RuntimeOnly:0 HLODRelevant:1 FolderPath:Playground FolderGuid:6C02BB504B69D1F3D7A624B130C18E5B
 |   |   |- Guid:896187444285C954EC4AC6B337ABCE3C BaseClass:/Game/Pickables/Ammo/LargeAmmoBox/Ammo_Large.Ammo_Large_C NativeClass:/Script/Engine.Actor Name:Ammo_Large_C_UAID_00D861BC58C1577A01_1982350310 Label:Ammo_Large SpatiallyLoaded:1 Bounds:IsValid=true, Min=(X=2702.354 Y=905.526 Z=-92.997), Max=(X=2894.354 Y=1097.526 Z=99.003) RuntimeGrid:None EditorOnly:0 RuntimeOnly:0 HLODRelevant:0
 |   |   |- Guid:8E6120FC40B0C2384F6E528EAFC19C5A BaseClass: NativeClass:/Script/Engine.StaticMeshActor Name:StaticMeshActor_36 Label:SM_QuarterCylinder10 SpatiallyLoaded:1 Bounds:IsValid=true, Min=(X=1700.000 Y=1800.000 Z=0.000), Max=(X=1800.000 Y=1900.000 Z=200.000) RuntimeGrid:None EditorOnly:0 RuntimeOnly:0 HLODRelevant:1 FolderPath:Block02 FolderGuid:275232DB4A90E8B2799B29BD69C59B9E
 |   |   |- Guid:8E9EA0F84D0FC901D6ABCF911C08AEE3 BaseClass: NativeClass:/Script/Engine.StaticMeshActor Name:StaticMeshActor_50 Label:SM_ChamferCube15 SpatiallyLoaded:1 Bounds:IsValid=true, Min=(X=2480.411 Y=2187.371 Z=0.013), Max=(X=2580.411 Y=2287.371 Z=100.013) RuntimeGrid:None EditorOnly:0 RuntimeOnly:0 HLODRelevant:0 FolderPath:SimulatedCubes FolderGuid:9AEEADCB4DC6C647D6E7C0B4EDA1744F
 |   |   |- Guid:90B7B8D3420C2EABA931D3A6A69DF696 BaseClass: NativeClass:/Script/Engine.StaticMeshActor Name:StaticMeshActor_3 Label:SM_Cube2 SpatiallyLoaded:1 Bounds:IsValid=true, Min=(X=0.000 Y=0.000 Z=0.000), Max=(X=3000.000 Y=100.000 Z=400.000) RuntimeGrid:None EditorOnly:0 RuntimeOnly:0 HLODRelevant:1 FolderPath:Playground FolderGuid:6C02BB504B69D1F3D7A624B130C18E5B
 |   |   |- Guid:91C63FB14CD98AB7B8FBF4873FDE4B43 BaseClass: NativeClass:/Script/Engine.StaticMeshActor Name:StaticMeshActor_42 Label:SM_Ramp5 SpatiallyLoaded:1 Bounds:IsValid=true, Min=(X=1800.000 Y=1900.000 Z=0.000), Max=(X=2900.000 Y=2000.000 Z=200.000) RuntimeGrid:None EditorOnly:0 RuntimeOnly:0 HLODRelevant:1 FolderPath:Block02 FolderGuid:275232DB4A90E8B2799B29BD69C59B9E
 |   |   |- Guid:92AE0C5C46A5DCDD341C7F9932C0E342 BaseClass: NativeClass:/Script/Engine.TextRenderActor Name:TextRenderActor_UAID_00D861BC58C1FA7901_1087902944 Label:TextRenderActor11 SpatiallyLoaded:1 Bounds:IsValid=true, Min=(X=1663.341 Y=103.495 Z=223.391), Max=(X=1963.341 Y=103.495 Z=298.391) RuntimeGrid:None EditorOnly:0 RuntimeOnly:0 HLODRelevant:0
 |   |   |- Guid:92B3F9C347C268347AA620AA591B7483 BaseClass: NativeClass:/Script/Engine.StaticMeshActor Name:StaticMeshActor_31 Label:SM_QuarterCylinder7 SpatiallyLoaded:1 Bounds:IsValid=true, Min=(X=1300.000 Y=2800.000 Z=0.000), Max=(X=1400.000 Y=2900.000 Z=200.000) RuntimeGrid:None EditorOnly:0 RuntimeOnly:0 HLODRelevant:1 FolderPath:Block03 FolderGuid:0C5AB36945998C19C9EA9283402A8E02
 |   |   |- Guid:9A7871D843B8842620BCB8B891DEBD6C BaseClass: NativeClass:/Script/Engine.StaticMeshActor Name:StaticMeshActor_37 Label:SM_Cube16 SpatiallyLoaded:1 Bounds:IsValid=true, Min=(X=1700.000 Y=1700.000 Z=0.000), Max=(X=1800.000 Y=1800.000 Z=200.000) RuntimeGrid:None EditorOnly:0 RuntimeOnly:0 HLODRelevant:1 FolderPath:Block02 FolderGuid:275232DB4A90E8B2799B29BD69C59B9E
 |   |   |- Guid:9B13D6214598842F3F9D96870A64C93C BaseClass: NativeClass:/Script/Engine.TextRenderActor Name:TextRenderActor_UAID_00D861BC58C1FA7901_1120360946 Label:TextRenderActor13 SpatiallyLoaded:1 Bounds:IsValid=true, Min=(X=1883.891 Y=103.495 Z=174.264), Max=(X=2026.198 Y=103.495 Z=199.264) RuntimeGrid:None EditorOnly:0 RuntimeOnly:0 HLODRelevant:0
 |   |   |- Guid:A354B1B24E617A525DC6B48CCDE2417E BaseClass: NativeClass:/Script/Engine.PlayerStart Name:PlayerStart_0 Label:PlayerStart SpatiallyLoaded:0 Bounds:IsValid=true, Min=(X=1451.279 Y=1703.556 Z=0.013), Max=(X=1531.279 Y=1783.556 Z=184.013) RuntimeGrid:None EditorOnly:0 RuntimeOnly:0 HLODRelevant:0
 |   |   |- Guid:A7D4F0194FED8AD74902418F9CE30F74 BaseClass: NativeClass:/Script/Engine.StaticMeshActor Name:StaticMeshActor_UAID_00D861BC58C1FA7901_1285582953 Label:Box4 SpatiallyLoaded:1 Bounds:IsValid=true, Min=(X=1000.000 Y=100.000 Z=0.000), Max=(X=1100.000 Y=130.000 Z=100.000) RuntimeGrid:None EditorOnly:0 RuntimeOnly:0 HLODRelevant:0
 |   |   |- Guid:A8E788424BB56267B7F84FB963654447 BaseClass: NativeClass:/Script/Engine.TextRenderActor Name:TextRenderActor_UAID_00D861BC58C1F97901_2038738765 Label:TextRenderActor8 SpatiallyLoaded:1 Bounds:IsValid=true, Min=(X=2897.708 Y=1470.990 Z=145.463), Max=(X=2897.708 Y=1558.682 Z=185.463) RuntimeGrid:None EditorOnly:0 RuntimeOnly:0 HLODRelevant:0
 |   |   |- Guid:AE179B2147EC12CEF803A8AB4573F5BF BaseClass: NativeClass:/Script/Engine.StaticMeshActor Name:StaticMeshActor_UAID_00D861BC58C1FA7901_1246741950 Label:Box SpatiallyLoaded:1 Bounds:IsValid=true, Min=(X=1900.000 Y=100.000 Z=0.000), Max=(X=2000.000 Y=130.000 Z=100.000) RuntimeGrid:None EditorOnly:0 RuntimeOnly:0 HLODRelevant:0
 |   |   |- Guid:AEBD4F70444538171937E8B648BEE981 BaseClass:/Game/Weapons/BP_WeaponBase.BP_WeaponBase_C NativeClass:/Script/Engine.Actor Name:BP_WeaponBase_C_UAID_00D861BC58C1997B01_1113372990 Label:BP_WeaponBase3 SpatiallyLoaded:1 Bounds:IsValid=true, Min=(X=989.797 Y=46.362 Z=69.761), Max=(X=1109.797 Y=166.362 Z=189.761) RuntimeGrid:None EditorOnly:0 RuntimeOnly:0 HLODRelevant:0
 |   |   |- Guid:AF51EDCC4A69227410A8A9AAFF9458DD BaseClass: NativeClass:/Script/Engine.TextRenderActor Name:TextRenderActor_UAID_00D861BC58C1F97901_1987606761 Label:TextRenderActor4 SpatiallyLoaded:1 Bounds:IsValid=true, Min=(X=2897.708 Y=704.435 Z=145.463), Max=(X=2897.708 Y=792.127 Z=185.463) RuntimeGrid:None EditorOnly:0 RuntimeOnly:0 HLODRelevant:0
 |   |   |- Guid:B4B79A3843F8C09301E1F99BDF616576 BaseClass: NativeClass:/Script/Engine.StaticMeshActor Name:StaticMeshActor_41 Label:SM_Ramp4 SpatiallyLoaded:1 Bounds:IsValid=true, Min=(X=100.000 Y=1500.000 Z=0.000), Max=(X=1200.000 Y=1600.000 Z=200.000) RuntimeGrid:None EditorOnly:0 RuntimeOnly:0 HLODRelevant:1 FolderPath:Block04 FolderGuid:D00C3F324D055BED943FA6B0235C7FA2
 |   |   |- Guid:B5DAF571447522B6422D18A481D0C645 BaseClass: NativeClass:/Script/Engine.TextRenderActor Name:TextRenderActor_UAID_00D861BC58C1F97901_2038739766 Label:TextRenderActor9 SpatiallyLoaded:1 Bounds:IsValid=true, Min=(X=2897.708 Y=972.404 Z=145.463), Max=(X=2897.708 Y=1058.558 Z=185.463) RuntimeGrid:None EditorOnly:0 RuntimeOnly:0 HLODRelevant:0
 |   |   |- Guid:BD7867C645DF0388304E3EB7CF2BBB37 BaseClass: NativeClass:/Script/Engine.StaticMeshActor Name:StaticMeshActor_17 Label:SM_QuarterCylinder SpatiallyLoaded:1 Bounds:IsValid=true, Min=(X=1200.000 Y=1800.000 Z=0.000), Max=(X=1300.000 Y=1900.000 Z=200.000) RuntimeGrid:None EditorOnly:0 RuntimeOnly:0 HLODRelevant:1 FolderPath:Block04 FolderGuid:D00C3F324D055BED943FA6B0235C7FA2
 |   |   |- Guid:C0C56B9644AE3D40CAFF6A878DB29844 BaseClass: NativeClass:/Script/Engine.StaticMeshActor Name:StaticMeshActor_UAID_A4AE111137DC5EFB00_2001720423 Label:SM_SkySphere SpatiallyLoaded:0 Bounds:IsValid=true, Min=(X=-1638400.000 Y=-1638400.000 Z=-1638400.000), Max=(X=1638400.000 Y=1638400.000 Z=1638400.000) RuntimeGrid:None EditorOnly:0 RuntimeOnly:0 HLODRelevant:1 FolderPath:Lighting FolderGuid:0BA5F0A04EADB18E70D5B180D08FA34B
 |   |   |- Guid:C20002044F8537F71D684FB5B183B2A6 BaseClass: NativeClass:/Script/Engine.TextRenderActor Name:TextRenderActor_UAID_00D861BC58C1F97901_1964214760 Label:TextRenderActor3 SpatiallyLoaded:1 Bounds:IsValid=true, Min=(X=2897.708 Y=443.536 Z=145.463), Max=(X=2897.708 Y=566.613 Z=185.463) RuntimeGrid:None EditorOnly:0 RuntimeOnly:0 HLODRelevant:0
 |   |   |- Guid:C223EA97473D00C3CF1665A5977C521B BaseClass: NativeClass:/Script/Engine.TextRenderActor Name:TextRenderActor_UAID_00D861BC58C1F97901_2000718762 Label:TextRenderActor5 SpatiallyLoaded:1 Bounds:IsValid=true, Min=(X=2897.708 Y=205.849 Z=145.463), Max=(X=2897.708 Y=292.003 Z=185.463) RuntimeGrid:None EditorOnly:0 RuntimeOnly:0 HLODRelevant:0
 |   |   |- Guid:C22CE07C4B87D685137FDBBC10FC92C6 BaseClass: NativeClass:/Script/Engine.SkyAtmosphere Name:SkyAtmosphere_0 Label:SkyAtmosphere SpatiallyLoaded:0 Bounds:IsValid=true, Min=(X=0.000 Y=0.000 Z=1020.000), Max=(X=0.000 Y=0.000 Z=1020.000) RuntimeGrid:None EditorOnly:0 RuntimeOnly:0 HLODRelevant:0 FolderPath:Lighting FolderGuid:0BA5F0A04EADB18E70D5B180D08FA34B
 |   |   |- Guid:C32AE4DE4D7967D1B19C8492D9C4AA36 BaseClass: NativeClass:/Script/Engine.StaticMeshActor Name:StaticMeshActor_16 Label:SM_Cube11 SpatiallyLoaded:1 Bounds:IsValid=true, Min=(X=700.000 Y=2600.000 Z=0.000), Max=(X=1300.000 Y=2900.000 Z=200.000) RuntimeGrid:None EditorOnly:0 RuntimeOnly:0 HLODRelevant:1 FolderPath:Block03 FolderGuid:0C5AB36945998C19C9EA9283402A8E02
 |   |   |- Guid:C96EA9F84CAB52BA0FE483B12D76F8BF BaseClass: NativeClass:/Script/Engine.StaticMeshActor Name:StaticMeshActor_26 Label:SM_QuarterCylinder12 SpatiallyLoaded:1 Bounds:IsValid=true, Min=(X=2100.000 Y=2750.000 Z=0.000), Max=(X=2300.000 Y=2950.000 Z=200.000) RuntimeGrid:None EditorOnly:0 RuntimeOnly:0 HLODRelevant:1 FolderPath:Cylinder FolderGuid:98EA6984416B46BD4E6349A7D9A13307
 |   |   |- Guid:CE8D82634660FCDB3120E2B8D547C533 BaseClass: NativeClass:/Script/Engine.PostProcessVolume Name:PostProcessVolume_0 Label:PostProcessVolume SpatiallyLoaded:0 Bounds:IsValid=true, Min=(X=0.000 Y=0.000 Z=400.000), Max=(X=200.000 Y=200.000 Z=600.000) RuntimeGrid:None EditorOnly:0 RuntimeOnly:0 HLODRelevant:0 FolderPath:Lighting FolderGuid:0BA5F0A04EADB18E70D5B180D08FA34B
 |   |   |- Guid:D36B955542478B89D9B36E895DC58D9B BaseClass: NativeClass:/Script/Engine.TextRenderActor Name:TextRenderActor_UAID_00D861BC58C1F97901_2038736764 Label:TextRenderActor7 SpatiallyLoaded:1 Bounds:IsValid=true, Min=(X=2897.708 Y=1200.091 Z=145.463), Max=(X=2897.708 Y=1323.168 Z=185.463) RuntimeGrid:None EditorOnly:0 RuntimeOnly:0 HLODRelevant:0
 |   |   |- Guid:D44940D943955A5965276FBBEA044017 BaseClass: NativeClass:/Script/Engine.StaticMeshActor Name:StaticMeshActor_20 Label:SM_ChamferCube2 SpatiallyLoaded:1 Bounds:IsValid=true, Min=(X=324.987 Y=1136.837 Z=0.013), Max=(X=453.158 Y=1265.008 Z=100.013) RuntimeGrid:None EditorOnly:0 RuntimeOnly:0 HLODRelevant:0 FolderPath:SimulatedCubes FolderGuid:9AEEADCB4DC6C647D6E7C0B4EDA1744F
 |   |   |- Guid:D54D7C6B40EA5FB655641392F5B60C37 BaseClass: NativeClass:/Script/Engine.TextRenderActor Name:TextRenderActor_UAID_00D861BC58C1F97901_2026158763 Label:TextRenderActor6 SpatiallyLoaded:1 Bounds:IsValid=true, Min=(X=2897.708 Y=1057.002 Z=225.792), Max=(X=2897.708 Y=1426.232 Z=375.792) RuntimeGrid:None EditorOnly:0 RuntimeOnly:0 HLODRelevant:0
 |   |   |- Guid:D65CE26D4543AB64D3E1CE82A79B39D9 BaseClass: NativeClass:/Script/Engine.StaticMeshActor Name:StaticMeshActor_45 Label:SM_ChamferCube11 SpatiallyLoaded:1 Bounds:IsValid=true, Min=(X=292.430 Y=3129.921 Z=0.013), Max=(X=433.313 Y=3270.804 Z=100.013) RuntimeGrid:None EditorOnly:0 RuntimeOnly:0 HLODRelevant:0 FolderPath:SimulatedCubes FolderGuid:9AEEADCB4DC6C647D6E7C0B4EDA1744F
 |   |   |- Guid:D935740A490176EB4702AF96F92450E8 BaseClass: NativeClass:/Script/Engine.StaticMeshActor Name:StaticMeshActor_38 Label:SM_ChamferCube18 SpatiallyLoaded:1 Bounds:IsValid=true, Min=(X=343.798 Y=1188.520 Z=100.013), Max=(X=471.969 Y=1316.691 Z=200.013) RuntimeGrid:None EditorOnly:0 RuntimeOnly:0 HLODRelevant:0 FolderPath:SimulatedCubes FolderGuid:9AEEADCB4DC6C647D6E7C0B4EDA1744F
 |   |   |- Guid:DA4819164DD702010F80EABD674EDB8A BaseClass: NativeClass:/Script/Engine.StaticMeshActor Name:StaticMeshActor_19 Label:SM_Cube12 SpatiallyLoaded:1 Bounds:IsValid=true, Min=(X=1200.000 Y=1700.000 Z=0.000), Max=(X=1300.000 Y=1800.000 Z=200.000) RuntimeGrid:None EditorOnly:0 RuntimeOnly:0 HLODRelevant:1 FolderPath:Block04 FolderGuid:D00C3F324D055BED943FA6B0235C7FA2
 |   |   |- Guid:E051597541B4C998010633A0C1018139 BaseClass: NativeClass:/Script/Engine.StaticMeshActor Name:StaticMeshActor_30 Label:SM_ChamferCube5 SpatiallyLoaded:1 Bounds:IsValid=true, Min=(X=1765.431 Y=2937.543 Z=0.063), Max=(X=1976.756 Y=3148.868 Z=150.063) RuntimeGrid:None EditorOnly:0 RuntimeOnly:0 HLODRelevant:0 FolderPath:SimulatedCubes FolderGuid:9AEEADCB4DC6C647D6E7C0B4EDA1744F
 |   |   |- Guid:E11153E948BF8404DB44C89D77FDCE2D BaseClass:/Game/Pickables/Medkit/MediumMedkit/Medkit_Medium.Medkit_Medium_C NativeClass:/Script/Engine.Actor Name:Medkit_C_UAID_00D861BC58C1D47901_1987939249 Label:Medkit2 SpatiallyLoaded:1 Bounds:IsValid=true, Min=(X=2696.176 Y=405.052 Z=-94.259), Max=(X=2888.176 Y=597.052 Z=97.741) RuntimeGrid:None EditorOnly:0 RuntimeOnly:0 HLODRelevant:0
 |   |   |- Guid:E5320C1B4FD9764CE7B54D8487AEC613 BaseClass: NativeClass:/Script/Engine.SkyLight Name:SkyLight_0 Label:SkyLight SpatiallyLoaded:0 Bounds:IsValid=true, Min=(X=0.000 Y=0.000 Z=690.000), Max=(X=0.000 Y=0.000 Z=690.000) RuntimeGrid:None EditorOnly:0 RuntimeOnly:0 HLODRelevant:0 FolderPath:Lighting FolderGuid:0BA5F0A04EADB18E70D5B180D08FA34B
 |   |   |- Guid:E96A03BC40AC4D99C96AF084084C43E0 BaseClass: NativeClass:/Script/Engine.TextRenderActor Name:TextRenderActor_UAID_00D861BC58C1FA7901_1211526948 Label:TextRenderActor15 SpatiallyLoaded:1 Bounds:IsValid=true, Min=(X=996.889 Y=103.495 Z=174.264), Max=(X=1108.428 Y=103.495 Z=199.264) RuntimeGrid:None EditorOnly:0 RuntimeOnly:0 HLODRelevant:0
 |   |   |- Guid:F07F1AF64C7C7C238EE1B4BF8C122DD8 BaseClass: NativeClass:/Script/Engine.StaticMeshActor Name:StaticMeshActor_4 Label:SM_Cube3 SpatiallyLoaded:1 Bounds:IsValid=true, Min=(X=0.000 Y=3400.000 Z=0.000), Max=(X=3000.000 Y=3500.000 Z=400.000) RuntimeGrid:None EditorOnly:0 RuntimeOnly:0 HLODRelevant:1 FolderPath:Playground FolderGuid:6C02BB504B69D1F3D7A624B130C18E5B
 |   |   |- Guid:F34FB66343513D190A6AE8A6EA2BA427 BaseClass:/Game/Pickables/Medkit/SmallMedkit/Medkit_Small.Medkit_Small_C NativeClass:/Script/Engine.Actor Name:Medkit_Small_C_UAID_00D861BC58C1FD7901_1197526463 Label:Medkit_Small SpatiallyLoaded:1 Bounds:IsValid=true, Min=(X=2699.000 Y=651.003 Z=-86.000), Max=(X=2891.000 Y=843.003 Z=106.000) RuntimeGrid:None EditorOnly:0 RuntimeOnly:0 HLODRelevant:0
 |   |   |- Guid:F511D945407669D7CC5CC88FABF121C4 BaseClass: NativeClass:/Script/Engine.TextRenderActor Name:TextRenderActor_UAID_00D861BC58C1F97901_1921570759 Label:TextRenderActor2 SpatiallyLoaded:1 Bounds:IsValid=true, Min=(X=2897.708 Y=257.939 Z=225.792), Max=(X=2897.708 Y=719.478 Z=375.792) RuntimeGrid:None EditorOnly:0 RuntimeOnly:0 HLODRelevant:0
 |   |   |- Guid:F6CB7B744E58E558BD98219260315908 BaseClass:/Game/Pickables/Medkit/LargeMedkit/Medkit_Large.Medkit_Large_C NativeClass:/Script/Engine.Actor Name:Medkit_Large_C_UAID_00D861BC58C1FE7901_1396972642 Label:Medkit_Large SpatiallyLoaded:1 Bounds:IsValid=true, Min=(X=2689.000 Y=149.000 Z=-96.000), Max=(X=2881.000 Y=341.000 Z=96.000) RuntimeGrid:None EditorOnly:0 RuntimeOnly:0 HLODRelevant:0
 |   |   |- Guid:F80621C9446867154938FE81375207DA BaseClass: NativeClass:/Script/Engine.DirectionalLight Name:DirectionalLight_1 Label:DirectionalLight SpatiallyLoaded:0 Bounds:IsValid=true, Min=(X=-4398046511104.000 Y=-4398046511104.000 Z=-4398046511104.000), Max=(X=4398046511104.000 Y=4398046511104.000 Z=4398046511104.000) RuntimeGrid:None EditorOnly:0 RuntimeOnly:0 HLODRelevant:0 FolderPath:Lighting FolderGuid:0BA5F0A04EADB18E70D5B180D08FA34B
 |   |   |- Guid:F8093AE84A4CAADD2997528129626D9B BaseClass: NativeClass:/Script/Engine.TextRenderActor Name:TextRenderActor_UAID_00D861BC58C1F97901_2120133767 Label:TextRenderActor10 SpatiallyLoaded:1 Bounds:IsValid=true, Min=(X=1247.326 Y=103.495 Z=282.604), Max=(X=1772.326 Y=103.495 Z=432.604) RuntimeGrid:None EditorOnly:0 RuntimeOnly:0 HLODRelevant:0
 |   |   |- Guid:F959EF0D4D97FD8AB016389E6BCFA562 BaseClass: NativeClass:/Script/Engine.StaticMeshActor Name:StaticMeshActor_35 Label:SM_QuarterCylinder9 SpatiallyLoaded:1 Bounds:IsValid=true, Min=(X=1700.000 Y=1600.000 Z=0.000), Max=(X=1800.000 Y=1700.000 Z=200.000) RuntimeGrid:None EditorOnly:0 RuntimeOnly:0 HLODRelevant:1 FolderPath:Block02 FolderGuid:275232DB4A90E8B2799B29BD69C59B9E
 |   |- [+] Clusters:
 |   |   |- [+] [  0]
 |   |   |   |- Guid:92AE0C5C46A5DCDD341C7F9932C0E342 BaseClass: NativeClass:/Script/Engine.TextRenderActor Name:TextRenderActor_UAID_00D861BC58C1FA7901_1087902944 Label:TextRenderActor11 SpatiallyLoaded:1 Bounds:IsValid=true, Min=(X=1663.341 Y=103.495 Z=223.391), Max=(X=1963.341 Y=103.495 Z=298.391) RuntimeGrid:None EditorOnly:0 RuntimeOnly:0 HLODRelevant:0
 |   |   |- [+] [  1]
 |   |   |   |- Guid:C96EA9F84CAB52BA0FE483B12D76F8BF BaseClass: NativeClass:/Script/Engine.StaticMeshActor Name:StaticMeshActor_26 Label:SM_QuarterCylinder12 SpatiallyLoaded:1 Bounds:IsValid=true, Min=(X=2100.000 Y=2750.000 Z=0.000), Max=(X=2300.000 Y=2950.000 Z=200.000) RuntimeGrid:None EditorOnly:0 RuntimeOnly:0 HLODRelevant:1 FolderPath:Cylinder FolderGuid:98EA6984416B46BD4E6349A7D9A13307
 |   |   |- [+] [  2]
 |   |   |   |- Guid:61391D344900612A77DFC3BA3E354907 BaseClass: NativeClass:/Script/Engine.ExponentialHeightFog Name:ExponentialHeightFog_0 Label:ExponentialHeightFog SpatiallyLoaded:0 Bounds:IsValid=true, Min=(X=-5600.000 Y=-50.000 Z=-6850.000), Max=(X=-5600.000 Y=-50.000 Z=-6850.000) RuntimeGrid:None EditorOnly:0 RuntimeOnly:0 HLODRelevant:0 FolderPath:Lighting FolderGuid:0BA5F0A04EADB18E70D5B180D08FA34B
 |   |   |- [+] [  3]
 |   |   |   |- Guid:5FE7584649BB6F09265329A6C57CFD0D BaseClass: NativeClass:/Script/Engine.VolumetricCloud Name:VolumetricCloud_0 Label:VolumetricCloud SpatiallyLoaded:0 Bounds:IsValid=true, Min=(X=0.000 Y=0.000 Z=820.000), Max=(X=0.000 Y=0.000 Z=820.000) RuntimeGrid:None EditorOnly:0 RuntimeOnly:0 HLODRelevant:0 FolderPath:Lighting FolderGuid:0BA5F0A04EADB18E70D5B180D08FA34B
 |   |   |- [+] [  4]
 |   |   |   |- Guid:4D10125A4B784B4E5B220C8814EA401E BaseClass:/Game/Weapons/BP_WeaponBase.BP_WeaponBase_C NativeClass:/Script/Engine.Actor Name:BP_WeaponBase_C_UAID_00D861BC58C1997B01_1106679989 Label:BP_WeaponBase2 SpatiallyLoaded:1 Bounds:IsValid=true, Min=(X=1289.983 Y=46.362 Z=69.761), Max=(X=1409.983 Y=166.362 Z=189.761) RuntimeGrid:None EditorOnly:0 RuntimeOnly:0 HLODRelevant:0
 |   |   |- [+] [  5]
 |   |   |   |- Guid:D65CE26D4543AB64D3E1CE82A79B39D9 BaseClass: NativeClass:/Script/Engine.StaticMeshActor Name:StaticMeshActor_45 Label:SM_ChamferCube11 SpatiallyLoaded:1 Bounds:IsValid=true, Min=(X=292.430 Y=3129.921 Z=0.013), Max=(X=433.313 Y=3270.804 Z=100.013) RuntimeGrid:None EditorOnly:0 RuntimeOnly:0 HLODRelevant:0 FolderPath:SimulatedCubes FolderGuid:9AEEADCB4DC6C647D6E7C0B4EDA1744F
 |   |   |- [+] [  6]
 |   |   |   |- Guid:F80621C9446867154938FE81375207DA BaseClass: NativeClass:/Script/Engine.DirectionalLight Name:DirectionalLight_1 Label:DirectionalLight SpatiallyLoaded:0 Bounds:IsValid=true, Min=(X=-4398046511104.000 Y=-4398046511104.000 Z=-4398046511104.000), Max=(X=4398046511104.000 Y=4398046511104.000 Z=4398046511104.000) RuntimeGrid:None EditorOnly:0 RuntimeOnly:0 HLODRelevant:0 FolderPath:Lighting FolderGuid:0BA5F0A04EADB18E70D5B180D08FA34B
 |   |   |- [+] [  7]
 |   |   |   |- Guid:D36B955542478B89D9B36E895DC58D9B BaseClass: NativeClass:/Script/Engine.TextRenderActor Name:TextRenderActor_UAID_00D861BC58C1F97901_2038736764 Label:TextRenderActor7 SpatiallyLoaded:1 Bounds:IsValid=true, Min=(X=2897.708 Y=1200.091 Z=145.463), Max=(X=2897.708 Y=1323.168 Z=185.463) RuntimeGrid:None EditorOnly:0 RuntimeOnly:0 HLODRelevant:0
 |   |   |- [+] [  8]
 |   |   |   |- Guid:819D89374F5F011641B802B797C6545A BaseClass: NativeClass:/Script/Engine.StaticMeshActor Name:StaticMeshActor_25 Label:SM_QuarterCylinder11 SpatiallyLoaded:1 Bounds:IsValid=true, Min=(X=2300.000 Y=2750.000 Z=0.000), Max=(X=2500.000 Y=2950.000 Z=200.000) RuntimeGrid:None EditorOnly:0 RuntimeOnly:0 HLODRelevant:1 FolderPath:Cylinder FolderGuid:98EA6984416B46BD4E6349A7D9A13307
 |   |   |- [+] [  9]
 |   |   |   |- Guid:C223EA97473D00C3CF1665A5977C521B BaseClass: NativeClass:/Script/Engine.TextRenderActor Name:TextRenderActor_UAID_00D861BC58C1F97901_2000718762 Label:TextRenderActor5 SpatiallyLoaded:1 Bounds:IsValid=true, Min=(X=2897.708 Y=205.849 Z=145.463), Max=(X=2897.708 Y=292.003 Z=185.463) RuntimeGrid:None EditorOnly:0 RuntimeOnly:0 HLODRelevant:0
 |   |   |- [+] [ 10]
 |   |   |   |- Guid:82636DFB499224D215E466A53C353A57 BaseClass: NativeClass:/Script/Engine.StaticMeshActor Name:StaticMeshActor_12 Label:SM_Cube8 SpatiallyLoaded:1 Bounds:IsValid=true, Min=(X=100.000 Y=1600.000 Z=0.000), Max=(X=1200.000 Y=1900.000 Z=200.000) RuntimeGrid:None EditorOnly:0 RuntimeOnly:0 HLODRelevant:1 FolderPath:Block04 FolderGuid:D00C3F324D055BED943FA6B0235C7FA2
 |   |   |- [+] [ 11]
 |   |   |   |- Guid:7EB1FE844A45522AD220048457B5924C BaseClass: NativeClass:/Script/Engine.StaticMeshActor Name:StaticMeshActor_UAID_00D861BC58C1FA7901_1272128952 Label:Box3 SpatiallyLoaded:1 Bounds:IsValid=true, Min=(X=1300.000 Y=100.000 Z=0.000), Max=(X=1400.000 Y=130.000 Z=100.000) RuntimeGrid:None EditorOnly:0 RuntimeOnly:0 HLODRelevant:0
 |   |   |- [+] [ 12]
 |   |   |   |- Guid:1E04CC294E8D6348E47366B5ADA71EE9 BaseClass: NativeClass:/Script/Engine.StaticMeshActor Name:StaticMeshActor_23 Label:SM_Cube13 SpatiallyLoaded:1 Bounds:IsValid=true, Min=(X=600.000 Y=2700.000 Z=0.000), Max=(X=700.000 Y=2800.000 Z=200.000) RuntimeGrid:None EditorOnly:0 RuntimeOnly:0 HLODRelevant:1 FolderPath:Block03 FolderGuid:0C5AB36945998C19C9EA9283402A8E02
 |   |   |- [+] [ 13]
 |   |   |   |- Guid:8E9EA0F84D0FC901D6ABCF911C08AEE3 BaseClass: NativeClass:/Script/Engine.StaticMeshActor Name:StaticMeshActor_50 Label:SM_ChamferCube15 SpatiallyLoaded:1 Bounds:IsValid=true, Min=(X=2480.411 Y=2187.371 Z=0.013), Max=(X=2580.411 Y=2287.371 Z=100.013) RuntimeGrid:None EditorOnly:0 RuntimeOnly:0 HLODRelevant:0 FolderPath:SimulatedCubes FolderGuid:9AEEADCB4DC6C647D6E7C0B4EDA1744F
 |   |   |- [+] [ 14]
 |   |   |   |- Guid:21262252453B37957EF29F82ABA2413B BaseClass: NativeClass:/Script/Engine.TextRenderActor Name:TextRenderActor_1 Label:TextRenderActor SpatiallyLoaded:1 Bounds:IsValid=true, Min=(X=-0.100 Y=1100.000 Z=65.013), Max=(X=-0.100 Y=2363.461 Z=215.013) RuntimeGrid:None EditorOnly:0 RuntimeOnly:0 HLODRelevant:0
 |   |   |- [+] [ 15]
 |   |   |   |- Guid:B5DAF571447522B6422D18A481D0C645 BaseClass: NativeClass:/Script/Engine.TextRenderActor Name:TextRenderActor_UAID_00D861BC58C1F97901_2038739766 Label:TextRenderActor9 SpatiallyLoaded:1 Bounds:IsValid=true, Min=(X=2897.708 Y=972.404 Z=145.463), Max=(X=2897.708 Y=1058.558 Z=185.463) RuntimeGrid:None EditorOnly:0 RuntimeOnly:0 HLODRelevant:0
 |   |   |- [+] [ 16]
 |   |   |   |- Guid:AF51EDCC4A69227410A8A9AAFF9458DD BaseClass: NativeClass:/Script/Engine.TextRenderActor Name:TextRenderActor_UAID_00D861BC58C1F97901_1987606761 Label:TextRenderActor4 SpatiallyLoaded:1 Bounds:IsValid=true, Min=(X=2897.708 Y=704.435 Z=145.463), Max=(X=2897.708 Y=792.127 Z=185.463) RuntimeGrid:None EditorOnly:0 RuntimeOnly:0 HLODRelevant:0
 |   |   |- [+] [ 17]
 |   |   |   |- Guid:6C80B7B24CB3ADE208BCA3A7E3015D40 BaseClass: NativeClass:/Script/Engine.StaticMeshActor Name:StaticMeshActor_UAID_00D861BC58C1FA7901_1260326951 Label:Box2 SpatiallyLoaded:1 Bounds:IsValid=true, Min=(X=1600.000 Y=100.000 Z=0.000), Max=(X=1700.000 Y=130.000 Z=100.000) RuntimeGrid:None EditorOnly:0 RuntimeOnly:0 HLODRelevant:0
 |   |   |- [+] [ 18]
 |   |   |   |- Guid:90B7B8D3420C2EABA931D3A6A69DF696 BaseClass: NativeClass:/Script/Engine.StaticMeshActor Name:StaticMeshActor_3 Label:SM_Cube2 SpatiallyLoaded:1 Bounds:IsValid=true, Min=(X=0.000 Y=0.000 Z=0.000), Max=(X=3000.000 Y=100.000 Z=400.000) RuntimeGrid:None EditorOnly:0 RuntimeOnly:0 HLODRelevant:1 FolderPath:Playground FolderGuid:6C02BB504B69D1F3D7A624B130C18E5B
 |   |   |- [+] [ 19]
 |   |   |   |- Guid:C20002044F8537F71D684FB5B183B2A6 BaseClass: NativeClass:/Script/Engine.TextRenderActor Name:TextRenderActor_UAID_00D861BC58C1F97901_1964214760 Label:TextRenderActor3 SpatiallyLoaded:1 Bounds:IsValid=true, Min=(X=2897.708 Y=443.536 Z=145.463), Max=(X=2897.708 Y=566.613 Z=185.463) RuntimeGrid:None EditorOnly:0 RuntimeOnly:0 HLODRelevant:0
 |   |   |- [+] [ 20]
 |   |   |   |- Guid:2A78EF094E089635A07B30AB9A046A81 BaseClass: NativeClass:/Script/Engine.StaticMeshActor Name:StaticMeshActor_47 Label:SM_ChamferCube13 SpatiallyLoaded:1 Bounds:IsValid=true, Min=(X=250.297 Y=3094.568 Z=100.013), Max=(X=391.180 Y=3235.451 Z=200.013) RuntimeGrid:None EditorOnly:0 RuntimeOnly:0 HLODRelevant:0 FolderPath:SimulatedCubes FolderGuid:9AEEADCB4DC6C647D6E7C0B4EDA1744F
 |   |   |- [+] [ 21]
 |   |   |   |- Guid:91C63FB14CD98AB7B8FBF4873FDE4B43 BaseClass: NativeClass:/Script/Engine.StaticMeshActor Name:StaticMeshActor_42 Label:SM_Ramp5 SpatiallyLoaded:1 Bounds:IsValid=true, Min=(X=1800.000 Y=1900.000 Z=0.000), Max=(X=2900.000 Y=2000.000 Z=200.000) RuntimeGrid:None EditorOnly:0 RuntimeOnly:0 HLODRelevant:1 FolderPath:Block02 FolderGuid:275232DB4A90E8B2799B29BD69C59B9E
 |   |   |- [+] [ 22]
 |   |   |   |- Guid:F34FB66343513D190A6AE8A6EA2BA427 BaseClass:/Game/Pickables/Medkit/SmallMedkit/Medkit_Small.Medkit_Small_C NativeClass:/Script/Engine.Actor Name:Medkit_Small_C_UAID_00D861BC58C1FD7901_1197526463 Label:Medkit_Small SpatiallyLoaded:1 Bounds:IsValid=true, Min=(X=2699.000 Y=651.003 Z=-86.000), Max=(X=2891.000 Y=843.003 Z=106.000) RuntimeGrid:None EditorOnly:0 RuntimeOnly:0 HLODRelevant:0
 |   |   |- [+] [ 23]
 |   |   |   |- Guid:7DCFF2144714F0843D87428AC48CE4F4 BaseClass: NativeClass:/Script/Engine.StaticMeshActor Name:StaticMeshActor_24 Label:SM_ChamferCube17 SpatiallyLoaded:1 Bounds:IsValid=true, Min=(X=364.319 Y=1244.901 Z=0.013), Max=(X=492.491 Y=1373.073 Z=100.013) RuntimeGrid:None EditorOnly:0 RuntimeOnly:0 HLODRelevant:0 FolderPath:SimulatedCubes FolderGuid:9AEEADCB4DC6C647D6E7C0B4EDA1744F
 |   |   |- [+] [ 24]
 |   |   |   |- Guid:7D62CD3D479BFB8CD19B998D77A9BF5D BaseClass: NativeClass:/Script/Engine.StaticMeshActor Name:StaticMeshActor_33 Label:SM_Cube14 SpatiallyLoaded:1 Bounds:IsValid=true, Min=(X=1300.000 Y=2700.000 Z=0.000), Max=(X=1400.000 Y=2800.000 Z=200.000) RuntimeGrid:None EditorOnly:0 RuntimeOnly:0 HLODRelevant:1 FolderPath:Block03 FolderGuid:0C5AB36945998C19C9EA9283402A8E02
 |   |   |- [+] [ 25]
 |   |   |   |- Guid:E11153E948BF8404DB44C89D77FDCE2D BaseClass:/Game/Pickables/Medkit/MediumMedkit/Medkit_Medium.Medkit_Medium_C NativeClass:/Script/Engine.Actor Name:Medkit_C_UAID_00D861BC58C1D47901_1987939249 Label:Medkit2 SpatiallyLoaded:1 Bounds:IsValid=true, Min=(X=2696.176 Y=405.052 Z=-94.259), Max=(X=2888.176 Y=597.052 Z=97.741) RuntimeGrid:None EditorOnly:0 RuntimeOnly:0 HLODRelevant:0
 |   |   |- [+] [ 26]
 |   |   |   |- Guid:E5320C1B4FD9764CE7B54D8487AEC613 BaseClass: NativeClass:/Script/Engine.SkyLight Name:SkyLight_0 Label:SkyLight SpatiallyLoaded:0 Bounds:IsValid=true, Min=(X=0.000 Y=0.000 Z=690.000), Max=(X=0.000 Y=0.000 Z=690.000) RuntimeGrid:None EditorOnly:0 RuntimeOnly:0 HLODRelevant:0 FolderPath:Lighting FolderGuid:0BA5F0A04EADB18E70D5B180D08FA34B
 |   |   |- [+] [ 27]
 |   |   |   |- Guid:5BDD8F884011AE3799B6F286D5D0CB25 BaseClass: NativeClass:/Script/Engine.StaticMeshActor Name:StaticMeshActor_34 Label:SM_Cube15 SpatiallyLoaded:1 Bounds:IsValid=true, Min=(X=1800.000 Y=1600.000 Z=0.000), Max=(X=2900.000 Y=1900.000 Z=200.000) RuntimeGrid:None EditorOnly:0 RuntimeOnly:0 HLODRelevant:1 FolderPath:Block02 FolderGuid:275232DB4A90E8B2799B29BD69C59B9E
 |   |   |- [+] [ 28]
 |   |   |   |- Guid:F07F1AF64C7C7C238EE1B4BF8C122DD8 BaseClass: NativeClass:/Script/Engine.StaticMeshActor Name:StaticMeshActor_4 Label:SM_Cube3 SpatiallyLoaded:1 Bounds:IsValid=true, Min=(X=0.000 Y=3400.000 Z=0.000), Max=(X=3000.000 Y=3500.000 Z=400.000) RuntimeGrid:None EditorOnly:0 RuntimeOnly:0 HLODRelevant:1 FolderPath:Playground FolderGuid:6C02BB504B69D1F3D7A624B130C18E5B
 |   |   |- [+] [ 29]
 |   |   |   |- Guid:BD7867C645DF0388304E3EB7CF2BBB37 BaseClass: NativeClass:/Script/Engine.StaticMeshActor Name:StaticMeshActor_17 Label:SM_QuarterCylinder SpatiallyLoaded:1 Bounds:IsValid=true, Min=(X=1200.000 Y=1800.000 Z=0.000), Max=(X=1300.000 Y=1900.000 Z=200.000) RuntimeGrid:None EditorOnly:0 RuntimeOnly:0 HLODRelevant:1 FolderPath:Block04 FolderGuid:D00C3F324D055BED943FA6B0235C7FA2
 |   |   |- [+] [ 30]
 |   |   |   |- Guid:5824301743DBB35DBD509B80C2AB874B BaseClass: NativeClass:/Script/Engine.TextRenderActor Name:TextRenderActor_UAID_00D861BC58C1FA7901_1111468945 Label:TextRenderActor12 SpatiallyLoaded:1 Bounds:IsValid=true, Min=(X=1088.615 Y=103.495 Z=223.391), Max=(X=1313.615 Y=103.495 Z=298.391) RuntimeGrid:None EditorOnly:0 RuntimeOnly:0 HLODRelevant:0
 |   |   |- [+] [ 31]
 |   |   |   |- Guid:22DA4C224D63C48ED7D534BCDBD93666 BaseClass:/Game/FirstPerson/Blueprints/BP_FirstPersonCharacter.BP_FirstPersonCharacter_C NativeClass:/Script/Engine.Character Name:BP_FirstPersonCharacter_C_UAID_00D861BC58C1C37801_1320276217 Label:BP_FirstPersonCharacter SpatiallyLoaded:1 Bounds:IsValid=true, Min=(X=495.000 Y=855.000 Z=0.000), Max=(X=950.000 Y=1015.000 Z=246.000) RuntimeGrid:None EditorOnly:0 RuntimeOnly:0 HLODRelevant:0
 |   |   |- [+] [ 32]
 |   |   |   |- Guid:6198DFE04D11BDEAC638CA8D1AA15F56 BaseClass: NativeClass:/Script/Engine.StaticMeshActor Name:StaticMeshActor_21 Label:SM_QuarterCylinder4 SpatiallyLoaded:1 Bounds:IsValid=true, Min=(X=600.000 Y=2600.000 Z=0.000), Max=(X=700.000 Y=2700.000 Z=200.000) RuntimeGrid:None EditorOnly:0 RuntimeOnly:0 HLODRelevant:1 FolderPath:Block03 FolderGuid:0C5AB36945998C19C9EA9283402A8E02
 |   |   |- [+] [ 33]
 |   |   |   |- Guid:6AA1B3CB4A13CBC6D5358989E2427278 BaseClass: NativeClass:/Script/Engine.TextRenderActor Name:TextRenderActor_UAID_00D861BC58C1FA7901_1184026947 Label:TextRenderActor14 SpatiallyLoaded:1 Bounds:IsValid=true, Min=(X=1296.807 Y=103.495 Z=174.264), Max=(X=1412.192 Y=103.495 Z=199.264) RuntimeGrid:None EditorOnly:0 RuntimeOnly:0 HLODRelevant:0
 |   |   |- [+] [ 34]
 |   |   |   |- Guid:D54D7C6B40EA5FB655641392F5B60C37 BaseClass: NativeClass:/Script/Engine.TextRenderActor Name:TextRenderActor_UAID_00D861BC58C1F97901_2026158763 Label:TextRenderActor6 SpatiallyLoaded:1 Bounds:IsValid=true, Min=(X=2897.708 Y=1057.002 Z=225.792), Max=(X=2897.708 Y=1426.232 Z=375.792) RuntimeGrid:None EditorOnly:0 RuntimeOnly:0 HLODRelevant:0
 |   |   |- [+] [ 35]
 |   |   |   |- Guid:09EB01FE4C96A434E7561793BD6770E5 BaseClass: NativeClass:/Script/Engine.StaticMeshActor Name:StaticMeshActor_22 Label:SM_QuarterCylinder5 SpatiallyLoaded:1 Bounds:IsValid=true, Min=(X=600.000 Y=2800.000 Z=0.000), Max=(X=700.000 Y=2900.000 Z=200.000) RuntimeGrid:None EditorOnly:0 RuntimeOnly:0 HLODRelevant:1 FolderPath:Block03 FolderGuid:0C5AB36945998C19C9EA9283402A8E02
 |   |   |- [+] [ 36]
 |   |   |   |- Guid:78CAF7514C7533F30BD2F19A017AAB65 BaseClass: NativeClass:/Script/Engine.StaticMeshActor Name:StaticMeshActor_0 Label:SM_Cube SpatiallyLoaded:1 Bounds:IsValid=true, Min=(X=0.000 Y=0.000 Z=-50.000), Max=(X=3000.000 Y=3500.000 Z=0.000) RuntimeGrid:None EditorOnly:0 RuntimeOnly:0 HLODRelevant:1 FolderPath:Playground FolderGuid:6C02BB504B69D1F3D7A624B130C18E5B
 |   |   |- [+] [ 37]
 |   |   |   |- Guid:573177074D0ADB4DA9A357AE2A5CADA8 BaseClass: NativeClass:/Script/Engine.StaticMeshActor Name:StaticMeshActor_49 Label:SM_ChamferCube14 SpatiallyLoaded:1 Bounds:IsValid=true, Min=(X=2480.411 Y=2302.371 Z=0.013), Max=(X=2580.411 Y=2402.371 Z=100.013) RuntimeGrid:None EditorOnly:0 RuntimeOnly:0 HLODRelevant:0 FolderPath:SimulatedCubes FolderGuid:9AEEADCB4DC6C647D6E7C0B4EDA1744F
 |   |   |- [+] [ 38]
 |   |   |   |- Guid:E96A03BC40AC4D99C96AF084084C43E0 BaseClass: NativeClass:/Script/Engine.TextRenderActor Name:TextRenderActor_UAID_00D861BC58C1FA7901_1211526948 Label:TextRenderActor15 SpatiallyLoaded:1 Bounds:IsValid=true, Min=(X=996.889 Y=103.495 Z=174.264), Max=(X=1108.428 Y=103.495 Z=199.264) RuntimeGrid:None EditorOnly:0 RuntimeOnly:0 HLODRelevant:0
 |   |   |- [+] [ 39]
 |   |   |   |- Guid:E051597541B4C998010633A0C1018139 BaseClass: NativeClass:/Script/Engine.StaticMeshActor Name:StaticMeshActor_30 Label:SM_ChamferCube5 SpatiallyLoaded:1 Bounds:IsValid=true, Min=(X=1765.431 Y=2937.543 Z=0.063), Max=(X=1976.756 Y=3148.868 Z=150.063) RuntimeGrid:None EditorOnly:0 RuntimeOnly:0 HLODRelevant:0 FolderPath:SimulatedCubes FolderGuid:9AEEADCB4DC6C647D6E7C0B4EDA1744F
 |   |   |- [+] [ 40]
 |   |   |   |- Guid:B4B79A3843F8C09301E1F99BDF616576 BaseClass: NativeClass:/Script/Engine.StaticMeshActor Name:StaticMeshActor_41 Label:SM_Ramp4 SpatiallyLoaded:1 Bounds:IsValid=true, Min=(X=100.000 Y=1500.000 Z=0.000), Max=(X=1200.000 Y=1600.000 Z=200.000) RuntimeGrid:None EditorOnly:0 RuntimeOnly:0 HLODRelevant:1 FolderPath:Block04 FolderGuid:D00C3F324D055BED943FA6B0235C7FA2
 |   |   |- [+] [ 41]
 |   |   |   |- Guid:014139064B272AE31FF877B819CB5734 BaseClass: NativeClass:/Script/Engine.StaticMeshActor Name:StaticMeshActor_8 Label:SM_ChamferCube3 SpatiallyLoaded:1 Bounds:IsValid=true, Min=(X=257.548 Y=2127.548 Z=0.063), Max=(X=462.452 Y=2332.452 Z=150.063) RuntimeGrid:None EditorOnly:0 RuntimeOnly:0 HLODRelevant:0 FolderPath:SimulatedCubes FolderGuid:9AEEADCB4DC6C647D6E7C0B4EDA1744F
 |   |   |- [+] [ 42]
 |   |   |   |- Guid:764666EF4316C7851F06859A678454F2 BaseClass: NativeClass:/Script/Engine.StaticMeshActor Name:StaticMeshActor_46 Label:SM_ChamferCube12 SpatiallyLoaded:1 Bounds:IsValid=true, Min=(X=204.335 Y=3056.000 Z=0.013), Max=(X=345.218 Y=3196.884 Z=100.013) RuntimeGrid:None EditorOnly:0 RuntimeOnly:0 HLODRelevant:0 FolderPath:SimulatedCubes FolderGuid:9AEEADCB4DC6C647D6E7C0B4EDA1744F
 |   |   |- [+] [ 43]
 |   |   |   |- Guid:A354B1B24E617A525DC6B48CCDE2417E BaseClass: NativeClass:/Script/Engine.PlayerStart Name:PlayerStart_0 Label:PlayerStart SpatiallyLoaded:0 Bounds:IsValid=true, Min=(X=1451.279 Y=1703.556 Z=0.013), Max=(X=1531.279 Y=1783.556 Z=184.013) RuntimeGrid:None EditorOnly:0 RuntimeOnly:0 HLODRelevant:0
 |   |   |- [+] [ 44]
 |   |   |   |- Guid:0B0C0BA84D9C653015BD4EB3B217F9D6 BaseClass: NativeClass:/Script/Engine.StaticMeshActor Name:StaticMeshActor_18 Label:SM_QuarterCylinder2 SpatiallyLoaded:1 Bounds:IsValid=true, Min=(X=1200.000 Y=1600.000 Z=0.000), Max=(X=1300.000 Y=1700.000 Z=200.000) RuntimeGrid:None EditorOnly:0 RuntimeOnly:0 HLODRelevant:1 FolderPath:Block04 FolderGuid:D00C3F324D055BED943FA6B0235C7FA2
 |   |   |- [+] [ 45]
 |   |   |   |- Guid:DA4819164DD702010F80EABD674EDB8A BaseClass: NativeClass:/Script/Engine.StaticMeshActor Name:StaticMeshActor_19 Label:SM_Cube12 SpatiallyLoaded:1 Bounds:IsValid=true, Min=(X=1200.000 Y=1700.000 Z=0.000), Max=(X=1300.000 Y=1800.000 Z=200.000) RuntimeGrid:None EditorOnly:0 RuntimeOnly:0 HLODRelevant:1 FolderPath:Block04 FolderGuid:D00C3F324D055BED943FA6B0235C7FA2
 |   |   |- [+] [ 46]
 |   |   |   |- Guid:2534B0D94D612EA44C8C3682F76E3A56 BaseClass:/Game/Pickables/Ammo/SmallAmmoBox/Ammo_Small.Ammo_Small_C NativeClass:/Script/Engine.Actor Name:Ammo_Small_C_UAID_00D861BC58C1507A01_2142824072 Label:Ammo_Small SpatiallyLoaded:1 Bounds:IsValid=true, Min=(X=2704.000 Y=1403.639 Z=-97.400), Max=(X=2896.000 Y=1595.639 Z=94.600) RuntimeGrid:None EditorOnly:0 RuntimeOnly:0 HLODRelevant:0
 |   |   |- [+] [ 47]
 |   |   |   |- Guid:35A0C3344CDA5AA8A0AD41853299D3EE BaseClass: NativeClass:/Script/Engine.StaticMeshActor Name:StaticMeshActor_32 Label:SM_QuarterCylinder8 SpatiallyLoaded:1 Bounds:IsValid=true, Min=(X=1300.000 Y=2600.000 Z=0.000), Max=(X=1400.000 Y=2700.000 Z=200.000) RuntimeGrid:None EditorOnly:0 RuntimeOnly:0 HLODRelevant:1 FolderPath:Block03 FolderGuid:0C5AB36945998C19C9EA9283402A8E02
 |   |   |- [+] [ 48]
 |   |   |   |- Guid:92B3F9C347C268347AA620AA591B7483 BaseClass: NativeClass:/Script/Engine.StaticMeshActor Name:StaticMeshActor_31 Label:SM_QuarterCylinder7 SpatiallyLoaded:1 Bounds:IsValid=true, Min=(X=1300.000 Y=2800.000 Z=0.000), Max=(X=1400.000 Y=2900.000 Z=200.000) RuntimeGrid:None EditorOnly:0 RuntimeOnly:0 HLODRelevant:1 FolderPath:Block03 FolderGuid:0C5AB36945998C19C9EA9283402A8E02
 |   |   |- [+] [ 49]
 |   |   |   |- Guid:F511D945407669D7CC5CC88FABF121C4 BaseClass: NativeClass:/Script/Engine.TextRenderActor Name:TextRenderActor_UAID_00D861BC58C1F97901_1921570759 Label:TextRenderActor2 SpatiallyLoaded:1 Bounds:IsValid=true, Min=(X=2897.708 Y=257.939 Z=225.792), Max=(X=2897.708 Y=719.478 Z=375.792) RuntimeGrid:None EditorOnly:0 RuntimeOnly:0 HLODRelevant:0
 |   |   |- [+] [ 50]
 |   |   |   |- Guid:C32AE4DE4D7967D1B19C8492D9C4AA36 BaseClass: NativeClass:/Script/Engine.StaticMeshActor Name:StaticMeshActor_16 Label:SM_Cube11 SpatiallyLoaded:1 Bounds:IsValid=true, Min=(X=700.000 Y=2600.000 Z=0.000), Max=(X=1300.000 Y=2900.000 Z=200.000) RuntimeGrid:None EditorOnly:0 RuntimeOnly:0 HLODRelevant:1 FolderPath:Block03 FolderGuid:0C5AB36945998C19C9EA9283402A8E02
 |   |   |- [+] [ 51]
 |   |   |   |- Guid:9A7871D843B8842620BCB8B891DEBD6C BaseClass: NativeClass:/Script/Engine.StaticMeshActor Name:StaticMeshActor_37 Label:SM_Cube16 SpatiallyLoaded:1 Bounds:IsValid=true, Min=(X=1700.000 Y=1700.000 Z=0.000), Max=(X=1800.000 Y=1800.000 Z=200.000) RuntimeGrid:None EditorOnly:0 RuntimeOnly:0 HLODRelevant:1 FolderPath:Block02 FolderGuid:275232DB4A90E8B2799B29BD69C59B9E
 |   |   |- [+] [ 52]
 |   |   |   |- Guid:490C769B46A912B5FD5CEDBD8694429D BaseClass: NativeClass:/Script/Engine.TextRenderActor Name:TextRenderActor_UAID_00D861BC58C1FA7901_1219350949 Label:TextRenderActor16 SpatiallyLoaded:1 Bounds:IsValid=true, Min=(X=1631.424 Y=103.495 Z=174.264), Max=(X=1677.577 Y=103.495 Z=199.264) RuntimeGrid:None EditorOnly:0 RuntimeOnly:0 HLODRelevant:0
 |   |   |- [+] [ 53]
 |   |   |   |- Guid:6B9F7C52434CCF99C7551893412C2C21 BaseClass: NativeClass:/Script/Engine.StaticMeshActor Name:StaticMeshActor_51 Label:SM_ChamferCube16 SpatiallyLoaded:1 Bounds:IsValid=true, Min=(X=2480.411 Y=2247.371 Z=100.013), Max=(X=2580.411 Y=2347.371 Z=200.013) RuntimeGrid:None EditorOnly:0 RuntimeOnly:0 HLODRelevant:0 FolderPath:SimulatedCubes FolderGuid:9AEEADCB4DC6C647D6E7C0B4EDA1744F
 |   |   |- [+] [ 54]
 |   |   |   |- Guid:0FC705A84CA2DC3FEC7FBEB764BCD2C4 BaseClass:/Game/Weapons/BP_WeaponBase.BP_WeaponBase_C NativeClass:/Script/Engine.Actor Name:BP_WeaponBase_C_UAID_00D861BC58C1947B01_1519209098 Label:BP_WeaponBase SpatiallyLoaded:1 Bounds:IsValid=true, Min=(X=1892.653 Y=46.362 Z=69.761), Max=(X=2012.653 Y=166.362 Z=189.761) RuntimeGrid:None EditorOnly:0 RuntimeOnly:0 HLODRelevant:0
 |   |   |- [+] [ 55]
 |   |   |   |- Guid:896187444285C954EC4AC6B337ABCE3C BaseClass:/Game/Pickables/Ammo/LargeAmmoBox/Ammo_Large.Ammo_Large_C NativeClass:/Script/Engine.Actor Name:Ammo_Large_C_UAID_00D861BC58C1577A01_1982350310 Label:Ammo_Large SpatiallyLoaded:1 Bounds:IsValid=true, Min=(X=2702.354 Y=905.526 Z=-92.997), Max=(X=2894.354 Y=1097.526 Z=99.003) RuntimeGrid:None EditorOnly:0 RuntimeOnly:0 HLODRelevant:0
 |   |   |- [+] [ 56]
 |   |   |   |- Guid:F959EF0D4D97FD8AB016389E6BCFA562 BaseClass: NativeClass:/Script/Engine.StaticMeshActor Name:StaticMeshActor_35 Label:SM_QuarterCylinder9 SpatiallyLoaded:1 Bounds:IsValid=true, Min=(X=1700.000 Y=1600.000 Z=0.000), Max=(X=1800.000 Y=1700.000 Z=200.000) RuntimeGrid:None EditorOnly:0 RuntimeOnly:0 HLODRelevant:1 FolderPath:Block02 FolderGuid:275232DB4A90E8B2799B29BD69C59B9E
 |   |   |- [+] [ 57]
 |   |   |   |- Guid:0EDB289B45CB7E0977A6DBA74201EE76 BaseClass: NativeClass:/Script/Engine.StaticMeshActor Name:StaticMeshActor_10 Label:SM_Cube6 SpatiallyLoaded:1 Bounds:IsValid=true, Min=(X=2900.000 Y=100.000 Z=0.000), Max=(X=3000.000 Y=3400.000 Z=400.000) RuntimeGrid:None EditorOnly:0 RuntimeOnly:0 HLODRelevant:1 FolderPath:Playground FolderGuid:6C02BB504B69D1F3D7A624B130C18E5B
 |   |   |- [+] [ 58]
 |   |   |   |- Guid:48A9C7094CF7D8B729AC22B7B81DEE05 BaseClass: NativeClass:/Script/Engine.StaticMeshActor Name:StaticMeshActor_28 Label:SM_QuarterCylinder14 SpatiallyLoaded:1 Bounds:IsValid=true, Min=(X=2300.000 Y=2550.000 Z=0.000), Max=(X=2500.000 Y=2750.000 Z=200.000) RuntimeGrid:None EditorOnly:0 RuntimeOnly:0 HLODRelevant:1 FolderPath:Cylinder FolderGuid:98EA6984416B46BD4E6349A7D9A13307
 |   |   |- [+] [ 59]
 |   |   |   |- Guid:254D27654506DA912CEE11965181CEF2 BaseClass: NativeClass:/Script/Engine.StaticMeshActor Name:StaticMeshActor_27 Label:SM_QuarterCylinder13 SpatiallyLoaded:1 Bounds:IsValid=true, Min=(X=2100.000 Y=2550.000 Z=0.000), Max=(X=2300.000 Y=2750.000 Z=200.000) RuntimeGrid:None EditorOnly:0 RuntimeOnly:0 HLODRelevant:1 FolderPath:Cylinder FolderGuid:98EA6984416B46BD4E6349A7D9A13307
 |   |   |- [+] [ 60]
 |   |   |   |- Guid:8E6120FC40B0C2384F6E528EAFC19C5A BaseClass: NativeClass:/Script/Engine.StaticMeshActor Name:StaticMeshActor_36 Label:SM_QuarterCylinder10 SpatiallyLoaded:1 Bounds:IsValid=true, Min=(X=1700.000 Y=1800.000 Z=0.000), Max=(X=1800.000 Y=1900.000 Z=200.000) RuntimeGrid:None EditorOnly:0 RuntimeOnly:0 HLODRelevant:1 FolderPath:Block02 FolderGuid:275232DB4A90E8B2799B29BD69C59B9E
 |   |   |- [+] [ 61]
 |   |   |   |- Guid:F8093AE84A4CAADD2997528129626D9B BaseClass: NativeClass:/Script/Engine.TextRenderActor Name:TextRenderActor_UAID_00D861BC58C1F97901_2120133767 Label:TextRenderActor10 SpatiallyLoaded:1 Bounds:IsValid=true, Min=(X=1247.326 Y=103.495 Z=282.604), Max=(X=1772.326 Y=103.495 Z=432.604) RuntimeGrid:None EditorOnly:0 RuntimeOnly:0 HLODRelevant:0
 |   |   |- [+] [ 62]
 |   |   |   |- Guid:D935740A490176EB4702AF96F92450E8 BaseClass: NativeClass:/Script/Engine.StaticMeshActor Name:StaticMeshActor_38 Label:SM_ChamferCube18 SpatiallyLoaded:1 Bounds:IsValid=true, Min=(X=343.798 Y=1188.520 Z=100.013), Max=(X=471.969 Y=1316.691 Z=200.013) RuntimeGrid:None EditorOnly:0 RuntimeOnly:0 HLODRelevant:0 FolderPath:SimulatedCubes FolderGuid:9AEEADCB4DC6C647D6E7C0B4EDA1744F
 |   |   |- [+] [ 63]
 |   |   |   |- Guid:C22CE07C4B87D685137FDBBC10FC92C6 BaseClass: NativeClass:/Script/Engine.SkyAtmosphere Name:SkyAtmosphere_0 Label:SkyAtmosphere SpatiallyLoaded:0 Bounds:IsValid=true, Min=(X=0.000 Y=0.000 Z=1020.000), Max=(X=0.000 Y=0.000 Z=1020.000) RuntimeGrid:None EditorOnly:0 RuntimeOnly:0 HLODRelevant:0 FolderPath:Lighting FolderGuid:0BA5F0A04EADB18E70D5B180D08FA34B
 |   |   |- [+] [ 64]
 |   |   |   |- Guid:AE179B2147EC12CEF803A8AB4573F5BF BaseClass: NativeClass:/Script/Engine.StaticMeshActor Name:StaticMeshActor_UAID_00D861BC58C1FA7901_1246741950 Label:Box SpatiallyLoaded:1 Bounds:IsValid=true, Min=(X=1900.000 Y=100.000 Z=0.000), Max=(X=2000.000 Y=130.000 Z=100.000) RuntimeGrid:None EditorOnly:0 RuntimeOnly:0 HLODRelevant:0
 |   |   |- [+] [ 65]
 |   |   |   |- Guid:C0C56B9644AE3D40CAFF6A878DB29844 BaseClass: NativeClass:/Script/Engine.StaticMeshActor Name:StaticMeshActor_UAID_A4AE111137DC5EFB00_2001720423 Label:SM_SkySphere SpatiallyLoaded:0 Bounds:IsValid=true, Min=(X=-1638400.000 Y=-1638400.000 Z=-1638400.000), Max=(X=1638400.000 Y=1638400.000 Z=1638400.000) RuntimeGrid:None EditorOnly:0 RuntimeOnly:0 HLODRelevant:1 FolderPath:Lighting FolderGuid:0BA5F0A04EADB18E70D5B180D08FA34B
 |   |   |- [+] [ 66]
 |   |   |   |- Guid:6FEFB3BD4EB37B849EF0D4AC80F83855 BaseClass: NativeClass:/Script/Engine.WorldDataLayers Name:WorldDataLayers Label:WorldDataLayers SpatiallyLoaded:0 Bounds:IsValid=true, Min=(X=0.000 Y=0.000 Z=0.000), Max=(X=0.000 Y=0.000 Z=0.000) RuntimeGrid:None EditorOnly:0 RuntimeOnly:0 HLODRelevant:0
 |   |   |- [+] [ 67]
 |   |   |   |- Guid:A7D4F0194FED8AD74902418F9CE30F74 BaseClass: NativeClass:/Script/Engine.StaticMeshActor Name:StaticMeshActor_UAID_00D861BC58C1FA7901_1285582953 Label:Box4 SpatiallyLoaded:1 Bounds:IsValid=true, Min=(X=1000.000 Y=100.000 Z=0.000), Max=(X=1100.000 Y=130.000 Z=100.000) RuntimeGrid:None EditorOnly:0 RuntimeOnly:0 HLODRelevant:0
 |   |   |- [+] [ 68]
 |   |   |   |- Guid:AEBD4F70444538171937E8B648BEE981 BaseClass:/Game/Weapons/BP_WeaponBase.BP_WeaponBase_C NativeClass:/Script/Engine.Actor Name:BP_WeaponBase_C_UAID_00D861BC58C1997B01_1113372990 Label:BP_WeaponBase3 SpatiallyLoaded:1 Bounds:IsValid=true, Min=(X=989.797 Y=46.362 Z=69.761), Max=(X=1109.797 Y=166.362 Z=189.761) RuntimeGrid:None EditorOnly:0 RuntimeOnly:0 HLODRelevant:0
 |   |   |- [+] [ 69]
 |   |   |   |- Guid:9B13D6214598842F3F9D96870A64C93C BaseClass: NativeClass:/Script/Engine.TextRenderActor Name:TextRenderActor_UAID_00D861BC58C1FA7901_1120360946 Label:TextRenderActor13 SpatiallyLoaded:1 Bounds:IsValid=true, Min=(X=1883.891 Y=103.495 Z=174.264), Max=(X=2026.198 Y=103.495 Z=199.264) RuntimeGrid:None EditorOnly:0 RuntimeOnly:0 HLODRelevant:0
 |   |   |- [+] [ 70]
 |   |   |   |- Guid:A8E788424BB56267B7F84FB963654447 BaseClass: NativeClass:/Script/Engine.TextRenderActor Name:TextRenderActor_UAID_00D861BC58C1F97901_2038738765 Label:TextRenderActor8 SpatiallyLoaded:1 Bounds:IsValid=true, Min=(X=2897.708 Y=1470.990 Z=145.463), Max=(X=2897.708 Y=1558.682 Z=185.463) RuntimeGrid:None EditorOnly:0 RuntimeOnly:0 HLODRelevant:0
 |   |   |- [+] [ 71]
 |   |   |   |- Guid:854D8A384F4FB83D131194B1EEA9BABF BaseClass:/Game/Pickables/Ammo/MediumAmmoBox/Ammo_Medium.Ammo_Medium_C NativeClass:/Script/Engine.Actor Name:Ammo_Medium_C_UAID_00D861BC58C1567A01_1389620133 Label:Ammo_Medium SpatiallyLoaded:1 Bounds:IsValid=true, Min=(X=2701.881 Y=1147.402 Z=-87.397), Max=(X=2893.881 Y=1339.402 Z=104.603) RuntimeGrid:None EditorOnly:0 RuntimeOnly:0 HLODRelevant:0
 |   |   |- [+] [ 72]
 |   |   |   |- Guid:F6CB7B744E58E558BD98219260315908 BaseClass:/Game/Pickables/Medkit/LargeMedkit/Medkit_Large.Medkit_Large_C NativeClass:/Script/Engine.Actor Name:Medkit_Large_C_UAID_00D861BC58C1FE7901_1396972642 Label:Medkit_Large SpatiallyLoaded:1 Bounds:IsValid=true, Min=(X=2689.000 Y=149.000 Z=-96.000), Max=(X=2881.000 Y=341.000 Z=96.000) RuntimeGrid:None EditorOnly:0 RuntimeOnly:0 HLODRelevant:0
 |   |   |- [+] [ 73]
 |   |   |   |- Guid:CE8D82634660FCDB3120E2B8D547C533 BaseClass: NativeClass:/Script/Engine.PostProcessVolume Name:PostProcessVolume_0 Label:PostProcessVolume SpatiallyLoaded:0 Bounds:IsValid=true, Min=(X=0.000 Y=0.000 Z=400.000), Max=(X=200.000 Y=200.000 Z=600.000) RuntimeGrid:None EditorOnly:0 RuntimeOnly:0 HLODRelevant:0 FolderPath:Lighting FolderGuid:0BA5F0A04EADB18E70D5B180D08FA34B
 |   |   |- [+] [ 74]
 |   |   |   |- Guid:8559D1384B14F466E8927697A36C1D78 BaseClass: NativeClass:/Script/Engine.StaticMeshActor Name:StaticMeshActor_9 Label:SM_Cube5 SpatiallyLoaded:1 Bounds:IsValid=true, Min=(X=-0.000 Y=100.000 Z=0.000), Max=(X=100.000 Y=3400.000 Z=400.000) RuntimeGrid:None EditorOnly:0 RuntimeOnly:0 HLODRelevant:1 FolderPath:Playground FolderGuid:6C02BB504B69D1F3D7A624B130C18E5B
 |   |   |- [+] [ 75]
 |   |   |   |- Guid:D44940D943955A5965276FBBEA044017 BaseClass: NativeClass:/Script/Engine.StaticMeshActor Name:StaticMeshActor_20 Label:SM_ChamferCube2 SpatiallyLoaded:1 Bounds:IsValid=true, Min=(X=324.987 Y=1136.837 Z=0.013), Max=(X=453.158 Y=1265.008 Z=100.013) RuntimeGrid:None EditorOnly:0 RuntimeOnly:0 HLODRelevant:0 FolderPath:SimulatedCubes FolderGuid:9AEEADCB4DC6C647D6E7C0B4EDA1744F
 |   |   |- [+] [ 76]
 |   |   |   |- Guid:09422EB3452BA0569491908DC369F8B4 BaseClass:/Game/Weapons/BP_WeaponBase.BP_WeaponBase_C NativeClass:/Script/Engine.Actor Name:BP_WeaponBase_C_UAID_00D861BC58C1997B01_2055380997 Label:BP_WeaponBase4 SpatiallyLoaded:1 Bounds:IsValid=true, Min=(X=1591.687 Y=46.362 Z=63.935), Max=(X=1711.687 Y=166.362 Z=183.935) RuntimeGrid:None EditorOnly:0 RuntimeOnly:0 HLODRelevant:0
 |- ContainerInstances:
 |- [+] MainContainer:
 |   |-        ID: 0x0000000000000000
 |   |-    Bounds: IsValid=false, Min=(X=0.000 Y=0.000 Z=0.000), Max=(X=0.000 Y=0.000 Z=0.000)
 |   |- Transform: 0.000000,0.000000,0.000000|0.000000,0.000000,-0.000000|1.000000,1.000000,1.000000
 |   |- Container: /Game/FirstPerson/Maps/FirstPersonMap
----------------------------------------------------------------------------------------------------------------
FirstPersonMap - Persistent Level
----------------------------------------------------------------------------------------------------------------
Always loaded Actor Count: 100 

----------------------------------------------------------------------------------------------------------------
FirstPersonMap - Runtime Spatial Hash - Streaming Grid - MainGrid
----------------------------------------------------------------------------------------------------------------
            Origin: X=0.000 Y=0.000 Z=0.000
         Cell Size: 12800
      World Bounds: IsValid=false, Min=(X=0.000 Y=0.000 Z=0.000), Max=(X=0.000 Y=0.000 Z=0.000)
     Loading Range: 25600.00
Block Slow Loading: No
 ClientOnlyVisible: No

[+] Grid Levels: 1
 |- Level  0: Cell Count    0 | Cell Size   12800 | Actor Count    0 (0.0%)

[+] Content of Grid Level 0

